<?xml version='1.0' encoding='UTF-8'?>
<buildlog>
  <outpath>.</outpath>
  <operation>
    <module>lbuild</module>
    <source>buildlog.xml.in</source>
    <destination>project.xml.log</destination>
  </operation>
  <operation>
    <module>modm:architecture</module>
    <source>..\modm-io\modm\src\modm\architecture\architecture.hpp</source>
    <destination>modm\src\modm\architecture.hpp</destination>
    <time>5.984 ms</time>
  </operation>
  <operation>
    <module>modm:architecture</module>
    <source>..\modm-io\modm\src\modm\architecture\detect.hpp</source>
    <destination>modm\src\modm\architecture\detect.hpp</destination>
    <time>5.985 ms</time>
  </operation>
  <operation>
    <module>modm:architecture</module>
    <source>..\modm-io\modm\src\modm\architecture\interface\peripheral.hpp</source>
    <destination>modm\src\modm\architecture\interface\peripheral.hpp</destination>
    <time>5.984 ms</time>
  </operation>
  <operation>
    <module>modm:architecture</module>
    <source>..\modm-io\modm\src\modm\architecture\src\modm\architecture\interface.hpp.in</source>
    <destination>modm\src\modm\architecture\interface.hpp</destination>
    <time>7.980 ms</time>
  </operation>
  <operation>
    <module>modm:architecture</module>
    <source>..\modm-io\modm\src\modm\architecture\utils.hpp</source>
    <destination>modm\src\modm\architecture\utils.hpp</destination>
    <time>6.979 ms</time>
  </operation>
  <operation>
    <module>modm:architecture:accessor</module>
    <source>..\modm-io\modm\src\modm\architecture\interface\accessor.hpp</source>
    <destination>modm\src\modm\architecture\interface\accessor.hpp</destination>
    <time>5.984 ms</time>
  </operation>
  <operation>
    <module>modm:architecture:accessor</module>
    <source>..\modm-io\modm\src\modm\architecture\interface\accessor_flash.hpp</source>
    <destination>modm\src\modm\architecture\interface\accessor_flash.hpp</destination>
    <time>5.984 ms</time>
  </operation>
  <operation>
    <module>modm:architecture:accessor</module>
    <source>..\modm-io\modm\src\modm\architecture\interface\accessor_ram.hpp</source>
    <destination>modm\src\modm\architecture\interface\accessor_ram.hpp</destination>
    <time>5.985 ms</time>
  </operation>
  <operation>
    <module>modm:architecture:assert</module>
    <source>..\modm-io\modm\src\modm\architecture\interface\assert.h</source>
    <destination>modm\src\modm\architecture\interface\assert.h</destination>
    <time>5.985 ms</time>
  </operation>
  <operation>
    <module>modm:architecture:assert</module>
    <source>..\modm-io\modm\src\modm\architecture\interface\assert.hpp</source>
    <destination>modm\src\modm\architecture\interface\assert.hpp</destination>
    <time>6.980 ms</time>
  </operation>
  <operation>
    <module>modm:architecture:atomic</module>
    <source>..\modm-io\modm\src\modm\architecture\driver\atomic.hpp</source>
    <destination>modm\src\modm\architecture\driver\atomic.hpp</destination>
    <time>4.987 ms</time>
  </operation>
  <operation>
    <module>modm:architecture:atomic</module>
    <source>..\modm-io\modm\src\modm\architecture\driver\atomic\container.hpp</source>
    <destination>modm\src\modm\architecture\driver\atomic\container.hpp</destination>
    <time>5.984 ms</time>
  </operation>
  <operation>
    <module>modm:architecture:atomic</module>
    <source>..\modm-io\modm\src\modm\architecture\driver\atomic\flag.cpp</source>
    <destination>modm\src\modm\architecture\driver\atomic\flag.cpp</destination>
    <time>4.986 ms</time>
  </operation>
  <operation>
    <module>modm:architecture:atomic</module>
    <source>..\modm-io\modm\src\modm\architecture\driver\atomic\flag.hpp</source>
    <destination>modm\src\modm\architecture\driver\atomic\flag.hpp</destination>
    <time>4.987 ms</time>
  </operation>
  <operation>
    <module>modm:architecture:atomic</module>
    <source>..\modm-io\modm\src\modm\architecture\driver\atomic\queue.hpp</source>
    <destination>modm\src\modm\architecture\driver\atomic\queue.hpp</destination>
    <time>5.984 ms</time>
  </operation>
  <operation>
    <module>modm:architecture:atomic</module>
    <source>..\modm-io\modm\src\modm\architecture\driver\atomic\queue_impl.hpp</source>
    <destination>modm\src\modm\architecture\driver\atomic\queue_impl.hpp</destination>
    <time>5.984 ms</time>
  </operation>
  <operation>
    <module>modm:architecture:atomic</module>
    <source>..\modm-io\modm\src\modm\architecture\interface\atomic_lock.hpp</source>
    <destination>modm\src\modm\architecture\interface\atomic_lock.hpp</destination>
    <time>5.023 ms</time>
  </operation>
  <operation>
    <module>modm:architecture:clock</module>
    <source>..\modm-io\modm\src\modm\architecture\interface\clock.hpp</source>
    <destination>modm\src\modm\architecture\interface\clock.hpp</destination>
    <time>5.984 ms</time>
  </operation>
  <operation>
    <module>modm:architecture:delay</module>
    <source>..\modm-io\modm\src\modm\architecture\interface\delay.hpp</source>
    <destination>modm\src\modm\architecture\interface\delay.hpp</destination>
    <time>5.984 ms</time>
  </operation>
  <operation>
    <module>modm:architecture:gpio</module>
    <source>..\modm-io\modm\src\modm\architecture\interface\gpio.hpp</source>
    <destination>modm\src\modm\architecture\interface\gpio.hpp</destination>
    <time>4.989 ms</time>
  </operation>
  <operation>
    <module>modm:architecture:heap</module>
    <source>..\modm-io\modm\src\modm\architecture\driver\heap\block_allocator.hpp</source>
    <destination>modm\src\modm\architecture\driver\heap\block_allocator.hpp</destination>
    <time>5.984 ms</time>
  </operation>
  <operation>
    <module>modm:architecture:heap</module>
    <source>..\modm-io\modm\src\modm\architecture\driver\heap\block_allocator_impl.hpp</source>
    <destination>modm\src\modm\architecture\driver\heap\block_allocator_impl.hpp</destination>
    <time>5.984 ms</time>
  </operation>
  <operation>
    <module>modm:architecture:interrupt</module>
    <source>..\modm-io\modm\src\modm\architecture\interface\interrupt.hpp</source>
    <destination>modm\src\modm\architecture\interface\interrupt.hpp</destination>
    <time>4.987 ms</time>
  </operation>
  <operation>
    <module>modm:architecture:memory</module>
    <source>..\modm-io\modm\src\modm\architecture\interface\memory.hpp</source>
    <destination>modm\src\modm\architecture\interface\memory.hpp</destination>
    <time>6.981 ms</time>
  </operation>
  <operation>
    <module>modm:architecture:register</module>
    <source>..\modm-io\modm\src\modm\architecture\interface\register.hpp</source>
    <destination>modm\src\modm\architecture\interface\register.hpp</destination>
    <time>7.979 ms</time>
  </operation>
  <operation>
    <module>modm:architecture:uart</module>
    <source>..\modm-io\modm\src\modm\architecture\interface\uart.hpp</source>
    <destination>modm\src\modm\architecture\interface\uart.hpp</destination>
    <time>6.980 ms</time>
  </operation>
  <operation>
    <module>modm:architecture:unaligned</module>
    <source>..\modm-io\modm\src\modm\architecture\interface\unaligned.hpp</source>
    <destination>modm\src\modm\architecture\interface\unaligned.hpp</destination>
    <time>5.984 ms</time>
  </operation>
  <operation>
    <module>modm:board</module>
    <source>..\modm-io\modm\src\modm\board\board.hpp</source>
    <destination>modm\src\modm\board.hpp</destination>
    <time>4.949 ms</time>
  </operation>
  <operation>
    <module>modm:board:nucleo-l476rg</module>
    <source>..\modm-io\modm\src\modm\board\nucleo64_arduino.hpp</source>
    <destination>modm\src\modm\board\nucleo64_arduino.hpp</destination>
    <time>5.016 ms</time>
  </operation>
  <operation>
    <module>modm:board:nucleo-l476rg</module>
    <source>..\modm-io\modm\src\modm\board\nucleo_l476rg\board.hpp</source>
    <destination>modm\src\modm\board\board.hpp</destination>
    <time>5.983 ms</time>
  </operation>
  <operation>
    <module>modm:board:nucleo-l476rg</module>
    <source>..\modm-io\modm\src\modm\board\nucleo_l476rg\src\modm\board\board.cpp.in</source>
    <destination>modm\src\modm\board\board.cpp</destination>
    <time>9.018 ms</time>
  </operation>
  <operation>
    <module>modm:build</module>
    <source>..\modm-io\modm\tools\build_script_generator\tools\build_script_generator\gdbinit.in</source>
    <destination>modm\gdbinit</destination>
    <time>10.971 ms</time>
  </operation>
  <operation>
    <module>modm:build</module>
    <source>..\modm-io\modm\tools\build_script_generator\tools\build_script_generator\openocd.cfg.in</source>
    <destination>modm\openocd.cfg</destination>
    <time>12.964 ms</time>
  </operation>
  <operation>
    <module>modm:build:scons</module>
    <source>..\modm-io\modm\ext\dlr\scons-build-tools\.reword</source>
    <destination>modm\ext\dlr\scons-build-tools\.reword</destination>
    <time>5.972 ms</time>
  </operation>
  <operation>
    <module>modm:build:scons</module>
    <source>..\modm-io\modm\ext\dlr\scons-build-tools\LICENSE</source>
    <destination>modm\ext\dlr\scons-build-tools\LICENSE</destination>
    <time>7.979 ms</time>
  </operation>
  <operation>
    <module>modm:build:scons</module>
    <source>..\modm-io\modm\ext\dlr\scons-build-tools\README.md</source>
    <destination>modm\ext\dlr\scons-build-tools\README.md</destination>
    <time>5.983 ms</time>
  </operation>
  <operation>
    <module>modm:build:scons</module>
    <source>..\modm-io\modm\ext\dlr\scons-build-tools\site_tools\compiler_arm_none_eabi_gcc.py</source>
    <destination>modm\ext\dlr\scons-build-tools\site_tools\compiler_arm_none_eabi_gcc.py</destination>
    <time>6.983 ms</time>
  </operation>
  <operation>
    <module>modm:build:scons</module>
    <source>..\modm-io\modm\ext\dlr\scons-build-tools\site_tools\compiler_arm_rtems_gcc.py</source>
    <destination>modm\ext\dlr\scons-build-tools\site_tools\compiler_arm_rtems_gcc.py</destination>
    <time>5.023 ms</time>
  </operation>
  <operation>
    <module>modm:build:scons</module>
    <source>..\modm-io\modm\ext\dlr\scons-build-tools\site_tools\compiler_avr_gcc.py</source>
    <destination>modm\ext\dlr\scons-build-tools\site_tools\compiler_avr_gcc.py</destination>
    <time>5.947 ms</time>
  </operation>
  <operation>
    <module>modm:build:scons</module>
    <source>..\modm-io\modm\ext\dlr\scons-build-tools\site_tools\compiler_hosted_gcc.py</source>
    <destination>modm\ext\dlr\scons-build-tools\site_tools\compiler_hosted_gcc.py</destination>
    <time>4.027 ms</time>
  </operation>
  <operation>
    <module>modm:build:scons</module>
    <source>..\modm-io\modm\ext\dlr\scons-build-tools\site_tools\compiler_hosted_gcc_coverage.py</source>
    <destination>modm\ext\dlr\scons-build-tools\site_tools\compiler_hosted_gcc_coverage.py</destination>
    <time>5.985 ms</time>
  </operation>
  <operation>
    <module>modm:build:scons</module>
    <source>..\modm-io\modm\ext\dlr\scons-build-tools\site_tools\compiler_hosted_llvm.py</source>
    <destination>modm\ext\dlr\scons-build-tools\site_tools\compiler_hosted_llvm.py</destination>
    <time>6.982 ms</time>
  </operation>
  <operation>
    <module>modm:build:scons</module>
    <source>..\modm-io\modm\ext\dlr\scons-build-tools\site_tools\compiler_hosted_llvm_sanitizer.py</source>
    <destination>modm\ext\dlr\scons-build-tools\site_tools\compiler_hosted_llvm_sanitizer.py</destination>
    <time>5.982 ms</time>
  </operation>
  <operation>
    <module>modm:build:scons</module>
    <source>..\modm-io\modm\ext\dlr\scons-build-tools\site_tools\compiler_or1k_aac_rtems_gcc.py</source>
    <destination>modm\ext\dlr\scons-build-tools\site_tools\compiler_or1k_aac_rtems_gcc.py</destination>
    <time>5.984 ms</time>
  </operation>
  <operation>
    <module>modm:build:scons</module>
    <source>..\modm-io\modm\ext\dlr\scons-build-tools\site_tools\compiler_or32_aac_elf_gcc.py</source>
    <destination>modm\ext\dlr\scons-build-tools\site_tools\compiler_or32_aac_elf_gcc.py</destination>
    <time>4.988 ms</time>
  </operation>
  <operation>
    <module>modm:build:scons</module>
    <source>..\modm-io\modm\ext\dlr\scons-build-tools\site_tools\compiler_sparc_rtems_gcc.py</source>
    <destination>modm\ext\dlr\scons-build-tools\site_tools\compiler_sparc_rtems_gcc.py</destination>
    <time>4.987 ms</time>
  </operation>
  <operation>
    <module>modm:build:scons</module>
    <source>..\modm-io\modm\ext\dlr\scons-build-tools\site_tools\settings_buildpath.py</source>
    <destination>modm\ext\dlr\scons-build-tools\site_tools\settings_buildpath.py</destination>
    <time>5.984 ms</time>
  </operation>
  <operation>
    <module>modm:build:scons</module>
    <source>..\modm-io\modm\ext\dlr\scons-build-tools\site_tools\settings_gcc_default_internal.py</source>
    <destination>modm\ext\dlr\scons-build-tools\site_tools\settings_gcc_default_internal.py</destination>
    <time>5.984 ms</time>
  </operation>
  <operation>
    <module>modm:build:scons</module>
    <source>..\modm-io\modm\ext\dlr\scons-build-tools\site_tools\settings_gcc_optionsfile.py</source>
    <destination>modm\ext\dlr\scons-build-tools\site_tools\settings_gcc_optionsfile.py</destination>
    <time>5.984 ms</time>
  </operation>
  <operation>
    <module>modm:build:scons</module>
    <source>..\modm-io\modm\ext\dlr\scons-build-tools\site_tools\utils_buildformat.py</source>
    <destination>modm\ext\dlr\scons-build-tools\site_tools\utils_buildformat.py</destination>
    <time>5.984 ms</time>
  </operation>
  <operation>
    <module>modm:build:scons</module>
    <source>..\modm-io\modm\ext\dlr\scons-build-tools\site_tools\utils_buildsize.py</source>
    <destination>modm\ext\dlr\scons-build-tools\site_tools\utils_buildsize.py</destination>
    <time>5.984 ms</time>
  </operation>
  <operation>
    <module>modm:build:scons</module>
    <source>..\modm-io\modm\ext\dlr\scons-build-tools\site_tools\utils_common.py</source>
    <destination>modm\ext\dlr\scons-build-tools\site_tools\utils_common.py</destination>
    <time>5.984 ms</time>
  </operation>
  <operation>
    <module>modm:build:scons</module>
    <source>..\modm-io\modm\ext\dlr\scons-build-tools\site_tools\utils_gcc_version.py</source>
    <destination>modm\ext\dlr\scons-build-tools\site_tools\utils_gcc_version.py</destination>
    <time>5.984 ms</time>
  </operation>
  <operation>
    <module>modm:build:scons</module>
    <source>..\modm-io\modm\tools\build_script_generator\scons\site_tools\CMakeLists.txt.in</source>
    <destination>modm\scons\site_tools\CMakeLists.txt.in</destination>
    <time>4.987 ms</time>
  </operation>
  <operation>
    <module>modm:build:scons</module>
    <source>..\modm-io\modm\tools\build_script_generator\scons\site_tools\bitmap.py</source>
    <destination>modm\scons\site_tools\bitmap.py</destination>
    <time>6.982 ms</time>
  </operation>
  <operation>
    <module>modm:build:scons</module>
    <source>..\modm-io\modm\tools\build_script_generator\scons\site_tools\black_magic_probe.py</source>
    <destination>modm\scons\site_tools\black_magic_probe.py</destination>
    <time>5.984 ms</time>
  </operation>
  <operation>
    <module>modm:build:scons</module>
    <source>..\modm-io\modm\tools\build_script_generator\scons\site_tools\cmake_wrapper.py</source>
    <destination>modm\scons\site_tools\cmake_wrapper.py</destination>
    <time>5.983 ms</time>
  </operation>
  <operation>
    <module>modm:build:scons</module>
    <source>..\modm-io\modm\tools\build_script_generator\scons\site_tools\dfu_stm32_programmer.py</source>
    <destination>modm\scons\site_tools\dfu_stm32_programmer.py</destination>
    <time>5.985 ms</time>
  </operation>
  <operation>
    <module>modm:build:scons</module>
    <source>..\modm-io\modm\tools\build_script_generator\scons\site_tools\doxygen.py</source>
    <destination>modm\scons\site_tools\doxygen.py</destination>
    <time>6.981 ms</time>
  </operation>
  <operation>
    <module>modm:build:scons</module>
    <source>..\modm-io\modm\tools\build_script_generator\scons\site_tools\find_files.py</source>
    <destination>modm\scons\site_tools\find_files.py</destination>
    <time>5.984 ms</time>
  </operation>
  <operation>
    <module>modm:build:scons</module>
    <source>..\modm-io\modm\tools\build_script_generator\scons\site_tools\font.py</source>
    <destination>modm\scons\site_tools\font.py</destination>
    <time>15.957 ms</time>
  </operation>
  <operation>
    <module>modm:build:scons</module>
    <source>..\modm-io\modm\tools\build_script_generator\scons\site_tools\gdb.py</source>
    <destination>modm\scons\site_tools\gdb.py</destination>
    <time>4.999 ms</time>
  </operation>
  <operation>
    <module>modm:build:scons</module>
    <source>..\modm-io\modm\tools\build_script_generator\scons\site_tools\info.h.in</source>
    <destination>modm\scons\site_tools\info.h.in</destination>
    <time>5.971 ms</time>
  </operation>
  <operation>
    <module>modm:build:scons</module>
    <source>..\modm-io\modm\tools\build_script_generator\scons\site_tools\info.py</source>
    <destination>modm\scons\site_tools\info.py</destination>
    <time>5.984 ms</time>
  </operation>
  <operation>
    <module>modm:build:scons</module>
    <source>..\modm-io\modm\tools\build_script_generator\scons\site_tools\lpclink.py</source>
    <destination>modm\scons\site_tools\lpclink.py</destination>
    <time>5.985 ms</time>
  </operation>
  <operation>
    <module>modm:build:scons</module>
    <source>..\modm-io\modm\tools\build_script_generator\scons\site_tools\openocd_remote.py</source>
    <destination>modm\scons\site_tools\openocd_remote.py</destination>
    <time>5.986 ms</time>
  </operation>
  <operation>
    <module>modm:build:scons</module>
    <source>..\modm-io\modm\tools\build_script_generator\scons\site_tools\program_avrdude.py</source>
    <destination>modm\scons\site_tools\program_avrdude.py</destination>
    <time>4.987 ms</time>
  </operation>
  <operation>
    <module>modm:build:scons</module>
    <source>..\modm-io\modm\tools\build_script_generator\scons\site_tools\program_openocd.py</source>
    <destination>modm\scons\site_tools\program_openocd.py</destination>
    <time>4.987 ms</time>
  </operation>
  <operation>
    <module>modm:build:scons</module>
    <source>..\modm-io\modm\tools\build_script_generator\scons\site_tools\qtcreator.py</source>
    <destination>modm\scons\site_tools\qtcreator.py</destination>
    <time>5.984 ms</time>
  </operation>
  <operation>
    <module>modm:build:scons</module>
    <source>..\modm-io\modm\tools\build_script_generator\scons\site_tools\qtcreator\project.config.in</source>
    <destination>modm\scons\site_tools\qtcreator\project.config.in</destination>
    <time>5.984 ms</time>
  </operation>
  <operation>
    <module>modm:build:scons</module>
    <source>..\modm-io\modm\tools\build_script_generator\scons\site_tools\qtcreator\project.creator.in</source>
    <destination>modm\scons\site_tools\qtcreator\project.creator.in</destination>
    <time>4.987 ms</time>
  </operation>
  <operation>
    <module>modm:build:scons</module>
    <source>..\modm-io\modm\tools\build_script_generator\scons\site_tools\qtcreator\project.files.in</source>
    <destination>modm\scons\site_tools\qtcreator\project.files.in</destination>
    <time>4.987 ms</time>
  </operation>
  <operation>
    <module>modm:build:scons</module>
    <source>..\modm-io\modm\tools\build_script_generator\scons\site_tools\qtcreator\project.includes.in</source>
    <destination>modm\scons\site_tools\qtcreator\project.includes.in</destination>
    <time>5.984 ms</time>
  </operation>
  <operation>
    <module>modm:build:scons</module>
    <source>..\modm-io\modm\tools\build_script_generator\scons\site_tools\stlink.py</source>
    <destination>modm\scons\site_tools\stlink.py</destination>
    <time>6.984 ms</time>
  </operation>
  <operation>
    <module>modm:build:scons</module>
    <source>..\modm-io\modm\tools\build_script_generator\scons\site_tools\template.py</source>
    <destination>modm\scons\site_tools\template.py</destination>
    <time>6.008 ms</time>
  </operation>
  <operation>
    <module>modm:build:scons</module>
    <source>..\modm-io\modm\tools\build_script_generator\scons\site_tools\unittest.py</source>
    <destination>modm\scons\site_tools\unittest.py</destination>
    <time>6.980 ms</time>
  </operation>
  <operation>
    <module>modm:build:scons</module>
    <source>..\modm-io\modm\tools\build_script_generator\scons\site_tools\xpcc_generator.py</source>
    <destination>modm\scons\site_tools\xpcc_generator.py</destination>
    <time>10.971 ms</time>
  </operation>
  <operation>
    <module>modm:build:scons</module>
    <source>..\modm-io\modm\tools\build_script_generator\scons\tools\build_script_generator\scons\resources\SConscript.in</source>
    <destination>modm\SConscript</destination>
    <time>38.906 ms</time>
  </operation>
  <operation>
    <module>modm:build:scons</module>
    <source>..\modm-io\modm\tools\build_script_generator\scons\tools\build_script_generator\scons\resources\SConstruct.in</source>
    <destination>SConstruct</destination>
    <time>15.957 ms</time>
  </operation>
  <operation>
    <module>modm:build:scons</module>
    <source>..\modm-io\modm\tools\build_script_generator\scons\tools\build_script_generator\scons\resources\build_target.py.in</source>
    <destination>modm\scons\site_tools\build_target.py</destination>
    <time>10.977 ms</time>
  </operation>
  <operation>
    <module>modm:cmsis:core</module>
    <source>..\modm-io\modm\ext\arm\cmsis\CMSIS\Core\Include\cmsis_compiler.h</source>
    <destination>modm\ext\cmsis\core\cmsis_compiler.h</destination>
    <time>6.981 ms</time>
  </operation>
  <operation>
    <module>modm:cmsis:core</module>
    <source>..\modm-io\modm\ext\arm\cmsis\CMSIS\Core\Include\cmsis_gcc.h</source>
    <destination>modm\ext\cmsis\core\cmsis_gcc.h</destination>
    <time>8.827 ms</time>
  </operation>
  <operation>
    <module>modm:cmsis:core</module>
    <source>..\modm-io\modm\ext\arm\cmsis\CMSIS\Core\Include\cmsis_version.h</source>
    <destination>modm\ext\cmsis\core\cmsis_version.h</destination>
    <time>4.976 ms</time>
  </operation>
  <operation>
    <module>modm:cmsis:core</module>
    <source>..\modm-io\modm\ext\arm\cmsis\CMSIS\Core\Include\core_cm4.h</source>
    <destination>modm\ext\cmsis\core\core_cm4.h</destination>
    <time>5.931 ms</time>
  </operation>
  <operation>
    <module>modm:cmsis:core</module>
    <source>..\modm-io\modm\ext\arm\cmsis\CMSIS\Core\Include\mpu_armv7.h</source>
    <destination>modm\ext\cmsis\core\mpu_armv7.h</destination>
    <time>5.970 ms</time>
  </operation>
  <operation>
    <module>modm:cmsis:device</module>
    <source>..\modm-io\modm\ext\st\ext\st\device.hpp.in</source>
    <destination>modm\src\modm\platform\device.hpp</destination>
    <time>8.977 ms</time>
  </operation>
  <operation>
    <module>modm:cmsis:device</module>
    <source>..\modm-io\modm\ext\st\stm32\stm32l4xx\Include\stm32l476xx.h</source>
    <destination>modm\ext\cmsis\device\stm32l476xx.h</destination>
    <time>20.907 ms</time>
  </operation>
  <operation>
    <module>modm:cmsis:device</module>
    <source>..\modm-io\modm\ext\st\stm32\stm32l4xx\Include\system_stm32l4xx.h</source>
    <destination>modm\ext\cmsis\device\system_stm32l4xx.h</destination>
    <time>6.982 ms</time>
  </operation>
  <operation>
    <module>modm:debug</module>
    <source>..\modm-io\modm\src\modm\debug\debug.hpp</source>
    <destination>modm\src\modm\debug.hpp</destination>
    <time>3.031 ms</time>
  </operation>
  <operation>
    <module>modm:debug</module>
    <source>..\modm-io\modm\src\modm\debug\debug.hpp</source>
    <destination>modm\src\modm\debug\debug.hpp</destination>
    <time>5.984 ms</time>
  </operation>
  <operation>
    <module>modm:debug</module>
    <source>..\modm-io\modm\src\modm\debug\error_report.cpp</source>
    <destination>modm\src\modm\debug\error_report.cpp</destination>
    <time>4.986 ms</time>
  </operation>
  <operation>
    <module>modm:debug</module>
    <source>..\modm-io\modm\src\modm\debug\error_report.hpp</source>
    <destination>modm\src\modm\debug\error_report.hpp</destination>
    <time>4.987 ms</time>
  </operation>
  <operation>
    <module>modm:debug</module>
    <source>..\modm-io\modm\src\modm\debug\logger.hpp</source>
    <destination>modm\src\modm\debug\logger.hpp</destination>
    <time>4.987 ms</time>
  </operation>
  <operation>
    <module>modm:debug</module>
    <source>..\modm-io\modm\src\modm\debug\logger\imp\std.hpp</source>
    <destination>modm\src\modm\debug\logger\imp\std.hpp</destination>
    <time>5.984 ms</time>
  </operation>
  <operation>
    <module>modm:debug</module>
    <source>..\modm-io\modm\src\modm\debug\logger\level.hpp</source>
    <destination>modm\src\modm\debug\logger\level.hpp</destination>
    <time>4.987 ms</time>
  </operation>
  <operation>
    <module>modm:debug</module>
    <source>..\modm-io\modm\src\modm\debug\logger\logger.hpp</source>
    <destination>modm\src\modm\debug\logger\logger.hpp</destination>
    <time>7.978 ms</time>
  </operation>
  <operation>
    <module>modm:debug</module>
    <source>..\modm-io\modm\src\modm\debug\logger\style.hpp</source>
    <destination>modm\src\modm\debug\logger\style.hpp</destination>
    <time>4.987 ms</time>
  </operation>
  <operation>
    <module>modm:debug</module>
    <source>..\modm-io\modm\src\modm\debug\logger\style\prefix.hpp</source>
    <destination>modm\src\modm\debug\logger\style\prefix.hpp</destination>
    <time>5.984 ms</time>
  </operation>
  <operation>
    <module>modm:debug</module>
    <source>..\modm-io\modm\src\modm\debug\logger\style\prefix_impl.hpp</source>
    <destination>modm\src\modm\debug\logger\style\prefix_impl.hpp</destination>
    <time>4.987 ms</time>
  </operation>
  <operation>
    <module>modm:debug</module>
    <source>..\modm-io\modm\src\modm\debug\logger\style\std_colour.hpp</source>
    <destination>modm\src\modm\debug\logger\style\std_colour.hpp</destination>
    <time>5.984 ms</time>
  </operation>
  <operation>
    <module>modm:debug</module>
    <source>..\modm-io\modm\src\modm\debug\logger\style\std_colour_impl.hpp</source>
    <destination>modm\src\modm\debug\logger\style\std_colour_impl.hpp</destination>
    <time>4.987 ms</time>
  </operation>
  <operation>
    <module>modm:debug</module>
    <source>..\modm-io\modm\src\modm\debug\logger\style_impl.hpp</source>
    <destination>modm\src\modm\debug\logger\style_impl.hpp</destination>
    <time>5.985 ms</time>
  </operation>
  <operation>
    <module>modm:debug</module>
    <source>..\modm-io\modm\src\modm\debug\logger\style_wrapper.hpp</source>
    <destination>modm\src\modm\debug\logger\style_wrapper.hpp</destination>
    <time>4.986 ms</time>
  </operation>
  <operation>
    <module>modm:debug</module>
    <source>..\modm-io\modm\src\modm\debug\module.md</source>
    <destination>modm\src\modm\debug\module.md</destination>
    <time>4.987 ms</time>
  </operation>
  <operation>
    <module>modm:docs</module>
    <source>..\modm-io\modm\README.md</source>
    <destination>modm\docs\README.md</destination>
    <time>5.973 ms</time>
  </operation>
  <operation>
    <module>modm:docs</module>
    <source>..\modm-io\modm\tools\doc_generator\tools\doc_generator\doxyfile.cfg.in</source>
    <destination>modm\docs\doxyfile.cfg</destination>
    <time>9.007 ms</time>
  </operation>
  <operation>
    <module>modm:docs</module>
    <source>..\modm-io\modm\tools\doc_generator\tools\doc_generator\group.dox.in</source>
    <destination>modm\docs\dox\modm-architecture-accessor.dox</destination>
    <time>4.985 ms</time>
  </operation>
  <operation>
    <module>modm:docs</module>
    <source>..\modm-io\modm\tools\doc_generator\tools\doc_generator\group.dox.in</source>
    <destination>modm\docs\dox\modm-architecture-assert.dox</destination>
    <time>5.985 ms</time>
  </operation>
  <operation>
    <module>modm:docs</module>
    <source>..\modm-io\modm\tools\doc_generator\tools\doc_generator\group.dox.in</source>
    <destination>modm\docs\dox\modm-architecture-atomic.dox</destination>
    <time>5.023 ms</time>
  </operation>
  <operation>
    <module>modm:docs</module>
    <source>..\modm-io\modm\tools\doc_generator\tools\doc_generator\group.dox.in</source>
    <destination>modm\docs\dox\modm-architecture-clock.dox</destination>
    <time>3.987 ms</time>
  </operation>
  <operation>
    <module>modm:docs</module>
    <source>..\modm-io\modm\tools\doc_generator\tools\doc_generator\group.dox.in</source>
    <destination>modm\docs\dox\modm-architecture-delay.dox</destination>
    <time>3.991 ms</time>
  </operation>
  <operation>
    <module>modm:docs</module>
    <source>..\modm-io\modm\tools\doc_generator\tools\doc_generator\group.dox.in</source>
    <destination>modm\docs\dox\modm-architecture-gpio.dox</destination>
    <time>4.026 ms</time>
  </operation>
  <operation>
    <module>modm:docs</module>
    <source>..\modm-io\modm\tools\doc_generator\tools\doc_generator\group.dox.in</source>
    <destination>modm\docs\dox\modm-architecture-heap.dox</destination>
    <time>3.991 ms</time>
  </operation>
  <operation>
    <module>modm:docs</module>
    <source>..\modm-io\modm\tools\doc_generator\tools\doc_generator\group.dox.in</source>
    <destination>modm\docs\dox\modm-architecture-interrupt.dox</destination>
    <time>3.989 ms</time>
  </operation>
  <operation>
    <module>modm:docs</module>
    <source>..\modm-io\modm\tools\doc_generator\tools\doc_generator\group.dox.in</source>
    <destination>modm\docs\dox\modm-architecture-memory.dox</destination>
    <time>3.989 ms</time>
  </operation>
  <operation>
    <module>modm:docs</module>
    <source>..\modm-io\modm\tools\doc_generator\tools\doc_generator\group.dox.in</source>
    <destination>modm\docs\dox\modm-architecture-register.dox</destination>
    <time>6.019 ms</time>
  </operation>
  <operation>
    <module>modm:docs</module>
    <source>..\modm-io\modm\tools\doc_generator\tools\doc_generator\group.dox.in</source>
    <destination>modm\docs\dox\modm-architecture-uart.dox</destination>
    <time>3.994 ms</time>
  </operation>
  <operation>
    <module>modm:docs</module>
    <source>..\modm-io\modm\tools\doc_generator\tools\doc_generator\group.dox.in</source>
    <destination>modm\docs\dox\modm-architecture-unaligned.dox</destination>
    <time>4.985 ms</time>
  </operation>
  <operation>
    <module>modm:docs</module>
    <source>..\modm-io\modm\tools\doc_generator\tools\doc_generator\group.dox.in</source>
    <destination>modm\docs\dox\modm-architecture.dox</destination>
    <time>10.972 ms</time>
  </operation>
  <operation>
    <module>modm:docs</module>
    <source>..\modm-io\modm\tools\doc_generator\tools\doc_generator\group.dox.in</source>
    <destination>modm\docs\dox\modm-board-nucleo-l476rg.dox</destination>
    <time>3.989 ms</time>
  </operation>
  <operation>
    <module>modm:docs</module>
    <source>..\modm-io\modm\tools\doc_generator\tools\doc_generator\group.dox.in</source>
    <destination>modm\docs\dox\modm-board.dox</destination>
    <time>5.948 ms</time>
  </operation>
  <operation>
    <module>modm:docs</module>
    <source>..\modm-io\modm\tools\doc_generator\tools\doc_generator\group.dox.in</source>
    <destination>modm\docs\dox\modm-build-scons.dox</destination>
    <time>7.978 ms</time>
  </operation>
  <operation>
    <module>modm:docs</module>
    <source>..\modm-io\modm\tools\doc_generator\tools\doc_generator\group.dox.in</source>
    <destination>modm\docs\dox\modm-build.dox</destination>
    <time>5.982 ms</time>
  </operation>
  <operation>
    <module>modm:docs</module>
    <source>..\modm-io\modm\tools\doc_generator\tools\doc_generator\group.dox.in</source>
    <destination>modm\docs\dox\modm-cmsis-core.dox</destination>
    <time>4.989 ms</time>
  </operation>
  <operation>
    <module>modm:docs</module>
    <source>..\modm-io\modm\tools\doc_generator\tools\doc_generator\group.dox.in</source>
    <destination>modm\docs\dox\modm-cmsis-device.dox</destination>
    <time>5.984 ms</time>
  </operation>
  <operation>
    <module>modm:docs</module>
    <source>..\modm-io\modm\tools\doc_generator\tools\doc_generator\group.dox.in</source>
    <destination>modm\docs\dox\modm-cmsis.dox</destination>
    <time>4.987 ms</time>
  </operation>
  <operation>
    <module>modm:docs</module>
    <source>..\modm-io\modm\tools\doc_generator\tools\doc_generator\group.dox.in</source>
    <destination>modm\docs\dox\modm-debug.dox</destination>
    <time>5.981 ms</time>
  </operation>
  <operation>
    <module>modm:docs</module>
    <source>..\modm-io\modm\tools\doc_generator\tools\doc_generator\group.dox.in</source>
    <destination>modm\docs\dox\modm-docs.dox</destination>
    <time>4.987 ms</time>
  </operation>
  <operation>
    <module>modm:docs</module>
    <source>..\modm-io\modm\tools\doc_generator\tools\doc_generator\group.dox.in</source>
    <destination>modm\docs\dox\modm-driver.dox</destination>
    <time>4.987 ms</time>
  </operation>
  <operation>
    <module>modm:docs</module>
    <source>..\modm-io\modm\tools\doc_generator\tools\doc_generator\group.dox.in</source>
    <destination>modm\docs\dox\modm-io.dox</destination>
    <time>6.983 ms</time>
  </operation>
  <operation>
    <module>modm:docs</module>
    <source>..\modm-io\modm\tools\doc_generator\tools\doc_generator\group.dox.in</source>
    <destination>modm\docs\dox\modm-math-units.dox</destination>
    <time>5.983 ms</time>
  </operation>
  <operation>
    <module>modm:docs</module>
    <source>..\modm-io\modm\tools\doc_generator\tools\doc_generator\group.dox.in</source>
    <destination>modm\docs\dox\modm-math-utils.dox</destination>
    <time>5.982 ms</time>
  </operation>
  <operation>
    <module>modm:docs</module>
    <source>..\modm-io\modm\tools\doc_generator\tools\doc_generator\group.dox.in</source>
    <destination>modm\docs\dox\modm-math.dox</destination>
    <time>5.985 ms</time>
  </operation>
  <operation>
    <module>modm:docs</module>
    <source>..\modm-io\modm\tools\doc_generator\tools\doc_generator\group.dox.in</source>
    <destination>modm\docs\dox\modm-platform-clock.dox</destination>
    <time>4.987 ms</time>
  </operation>
  <operation>
    <module>modm:docs</module>
    <source>..\modm-io\modm\tools\doc_generator\tools\doc_generator\group.dox.in</source>
    <destination>modm\docs\dox\modm-platform-core.dox</destination>
    <time>3.988 ms</time>
  </operation>
  <operation>
    <module>modm:docs</module>
    <source>..\modm-io\modm\tools\doc_generator\tools\doc_generator\group.dox.in</source>
    <destination>modm\docs\dox\modm-platform-cortex-m.dox</destination>
    <time>3.991 ms</time>
  </operation>
  <operation>
    <module>modm:docs</module>
    <source>..\modm-io\modm\tools\doc_generator\tools\doc_generator\group.dox.in</source>
    <destination>modm\docs\dox\modm-platform-gpio-common.dox</destination>
    <time>3.992 ms</time>
  </operation>
  <operation>
    <module>modm:docs</module>
    <source>..\modm-io\modm\tools\doc_generator\tools\doc_generator\group.dox.in</source>
    <destination>modm\docs\dox\modm-platform-gpio.dox</destination>
    <time>3.989 ms</time>
  </operation>
  <operation>
    <module>modm:docs</module>
    <source>..\modm-io\modm\tools\doc_generator\tools\doc_generator\group.dox.in</source>
    <destination>modm\docs\dox\modm-platform-rcc.dox</destination>
    <time>4.985 ms</time>
  </operation>
  <operation>
    <module>modm:docs</module>
    <source>..\modm-io\modm\tools\doc_generator\tools\doc_generator\group.dox.in</source>
    <destination>modm\docs\dox\modm-platform-systick.dox</destination>
    <time>6.982 ms</time>
  </operation>
  <operation>
    <module>modm:docs</module>
    <source>..\modm-io\modm\tools\doc_generator\tools\doc_generator\group.dox.in</source>
    <destination>modm\docs\dox\modm-platform-uart-2.dox</destination>
    <time>5.985 ms</time>
  </operation>
  <operation>
    <module>modm:docs</module>
    <source>..\modm-io\modm\tools\doc_generator\tools\doc_generator\group.dox.in</source>
    <destination>modm\docs\dox\modm-platform-uart.dox</destination>
    <time>6.980 ms</time>
  </operation>
  <operation>
    <module>modm:docs</module>
    <source>..\modm-io\modm\tools\doc_generator\tools\doc_generator\group.dox.in</source>
    <destination>modm\docs\dox\modm-platform.dox</destination>
    <time>3.991 ms</time>
  </operation>
  <operation>
    <module>modm:docs</module>
    <source>..\modm-io\modm\tools\doc_generator\tools\doc_generator\group.dox.in</source>
    <destination>modm\docs\dox\modm-processing-timer.dox</destination>
    <time>9.973 ms</time>
  </operation>
  <operation>
    <module>modm:docs</module>
    <source>..\modm-io\modm\tools\doc_generator\tools\doc_generator\group.dox.in</source>
    <destination>modm\docs\dox\modm-processing.dox</destination>
    <time>4.988 ms</time>
  </operation>
  <operation>
    <module>modm:docs</module>
    <source>..\modm-io\modm\tools\doc_generator\tools\doc_generator\group.dox.in</source>
    <destination>modm\docs\dox\modm-ui.dox</destination>
    <time>4.988 ms</time>
  </operation>
  <operation>
    <module>modm:docs</module>
    <source>..\modm-io\modm\tools\doc_generator\tools\doc_generator\group.dox.in</source>
    <destination>modm\docs\dox\modm-unittest.dox</destination>
    <time>4.987 ms</time>
  </operation>
  <operation>
    <module>modm:docs</module>
    <source>..\modm-io\modm\tools\doc_generator\tools\doc_generator\group.dox.in</source>
    <destination>modm\docs\dox\modm-utils.dox</destination>
    <time>4.986 ms</time>
  </operation>
  <operation>
    <module>modm:io</module>
    <source>..\modm-io\modm\src\modm\io\io.hpp</source>
    <destination>modm\src\modm\io.hpp</destination>
    <time>5.101 ms</time>
  </operation>
  <operation>
    <module>modm:io</module>
    <source>..\modm-io\modm\src\modm\io\iodevice.cpp</source>
    <destination>modm\src\modm\io\iodevice.cpp</destination>
    <time>5.929 ms</time>
  </operation>
  <operation>
    <module>modm:io</module>
    <source>..\modm-io\modm\src\modm\io\iodevice.hpp</source>
    <destination>modm\src\modm\io\iodevice.hpp</destination>
    <time>4.987 ms</time>
  </operation>
  <operation>
    <module>modm:io</module>
    <source>..\modm-io\modm\src\modm\io\iodevice_wrapper.hpp</source>
    <destination>modm\src\modm\io\iodevice_wrapper.hpp</destination>
    <time>4.986 ms</time>
  </operation>
  <operation>
    <module>modm:io</module>
    <source>..\modm-io\modm\src\modm\io\iostream.cpp</source>
    <destination>modm\src\modm\io\iostream.cpp</destination>
    <time>5.089 ms</time>
  </operation>
  <operation>
    <module>modm:io</module>
    <source>..\modm-io\modm\src\modm\io\iostream.hpp</source>
    <destination>modm\src\modm\io\iostream.hpp</destination>
    <time>7.978 ms</time>
  </operation>
  <operation>
    <module>modm:io</module>
    <source>..\modm-io\modm\src\modm\io\iostream_float.cpp</source>
    <destination>modm\src\modm\io\iostream_float.cpp</destination>
    <time>5.984 ms</time>
  </operation>
  <operation>
    <module>modm:io</module>
    <source>..\modm-io\modm\src\modm\io\iostream_printf.cpp</source>
    <destination>modm\src\modm\io\iostream_printf.cpp</destination>
    <time>5.985 ms</time>
  </operation>
  <operation>
    <module>modm:io</module>
    <source>..\modm-io\modm\src\modm\io\module.md</source>
    <destination>modm\src\modm\io\module.md</destination>
    <time>5.983 ms</time>
  </operation>
  <operation>
    <module>modm:math</module>
    <source>..\modm-io\modm\src\modm\math\src\modm\math\math.hpp.in</source>
    <destination>modm\src\modm\math.hpp</destination>
    <time>6.944 ms</time>
  </operation>
  <operation>
    <module>modm:math</module>
    <source>..\modm-io\modm\src\modm\math\tolerance.hpp</source>
    <destination>modm\src\modm\math\tolerance.hpp</destination>
    <time>5.992 ms</time>
  </operation>
  <operation>
    <module>modm:math:units</module>
    <source>..\modm-io\modm\src\modm\math\units.hpp</source>
    <destination>modm\src\modm\math\units.hpp</destination>
    <time>5.982 ms</time>
  </operation>
  <operation>
    <module>modm:math:utils</module>
    <source>..\modm-io\modm\src\modm\math\utils.hpp</source>
    <destination>modm\src\modm\math\utils.hpp</destination>
    <time>5.983 ms</time>
  </operation>
  <operation>
    <module>modm:math:utils</module>
    <source>..\modm-io\modm\src\modm\math\utils\arithmetic_traits.hpp</source>
    <destination>modm\src\modm\math\utils\arithmetic_traits.hpp</destination>
    <time>6.981 ms</time>
  </operation>
  <operation>
    <module>modm:math:utils</module>
    <source>..\modm-io\modm\src\modm\math\utils\bit_constants.hpp</source>
    <destination>modm\src\modm\math\utils\bit_constants.hpp</destination>
    <time>4.986 ms</time>
  </operation>
  <operation>
    <module>modm:math:utils</module>
    <source>..\modm-io\modm\src\modm\math\utils\bit_operation.cpp</source>
    <destination>modm\src\modm\math\utils\bit_operation.cpp</destination>
    <time>4.988 ms</time>
  </operation>
  <operation>
    <module>modm:math:utils</module>
    <source>..\modm-io\modm\src\modm\math\utils\bit_operation.hpp</source>
    <destination>modm\src\modm\math\utils\bit_operation.hpp</destination>
    <time>5.983 ms</time>
  </operation>
  <operation>
    <module>modm:math:utils</module>
    <source>..\modm-io\modm\src\modm\math\utils\endianness.hpp</source>
    <destination>modm\src\modm\math\utils\endianness.hpp</destination>
    <time>4.987 ms</time>
  </operation>
  <operation>
    <module>modm:math:utils</module>
    <source>..\modm-io\modm\src\modm\math\utils\misc.hpp</source>
    <destination>modm\src\modm\math\utils\misc.hpp</destination>
    <time>5.984 ms</time>
  </operation>
  <operation>
    <module>modm:math:utils</module>
    <source>..\modm-io\modm\src\modm\math\utils\operator.hpp</source>
    <destination>modm\src\modm\math\utils\operator.hpp</destination>
    <time>5.984 ms</time>
  </operation>
  <operation>
    <module>modm:math:utils</module>
    <source>..\modm-io\modm\src\modm\math\utils\operator_impl.hpp</source>
    <destination>modm\src\modm\math\utils\operator_impl.hpp</destination>
    <time>5.983 ms</time>
  </operation>
  <operation>
    <module>modm:math:utils</module>
    <source>..\modm-io\modm\src\modm\math\utils\pc\operator.cpp</source>
    <destination>modm\src\modm\math\utils\pc\operator.cpp</destination>
    <time>6.982 ms</time>
  </operation>
  <operation>
    <module>modm:platform</module>
    <source>..\modm-io\modm\src\modm\platform\src\modm\platform\platform.hpp.in</source>
    <destination>modm\src\modm\platform.hpp</destination>
    <time>8.016 ms</time>
  </operation>
  <operation>
    <module>modm:platform:clock</module>
    <source>..\modm-io\modm\src\modm\platform\clock\common\common.hpp</source>
    <destination>modm\src\modm\platform\clock\common.hpp</destination>
    <time>4.988 ms</time>
  </operation>
  <operation>
    <module>modm:platform:core</module>
    <source>..\modm-io\modm\src\modm\platform\core\stm32\src\modm\platform\core\stm32\linkerscript\stm32_ram.ld.in</source>
    <destination>modm\link\linkerscript.ld</destination>
    <time>38.896 ms</time>
  </operation>
  <operation>
    <module>modm:platform:core</module>
    <source>..\modm-io\modm\src\modm\platform\core\stm32\src\modm\platform\core\stm32\startup_platform.c.in</source>
    <destination>modm\src\modm\platform\core\startup_platform.c</destination>
    <time>11.011 ms</time>
  </operation>
  <operation>
    <module>modm:platform:cortex-m</module>
    <source>..\modm-io\modm\src\modm\platform\core\cortex\assert.cpp</source>
    <destination>modm\src\modm\platform\core\assert.cpp</destination>
    <time>6.981 ms</time>
  </operation>
  <operation>
    <module>modm:platform:cortex-m</module>
    <source>..\modm-io\modm\src\modm\platform\core\cortex\atomic_lock.hpp</source>
    <destination>modm\src\modm\platform\core\atomic_lock.hpp</destination>
    <time>5.946 ms</time>
  </operation>
  <operation>
    <module>modm:platform:cortex-m</module>
    <source>..\modm-io\modm\src\modm\platform\core\cortex\clock.cpp</source>
    <destination>modm\src\modm\platform\core\clock.cpp</destination>
    <time>4.987 ms</time>
  </operation>
  <operation>
    <module>modm:platform:cortex-m</module>
    <source>..\modm-io\modm\src\modm\platform\core\cortex\cxxabi.cpp</source>
    <destination>modm\src\modm\platform\core\cxxabi.cpp</destination>
    <time>6.981 ms</time>
  </operation>
  <operation>
    <module>modm:platform:cortex-m</module>
    <source>..\modm-io\modm\src\modm\platform\core\cortex\default_handler.sx</source>
    <destination>modm\src\modm\platform\core\default_handler.sx</destination>
    <time>5.985 ms</time>
  </operation>
  <operation>
    <module>modm:platform:cortex-m</module>
    <source>..\modm-io\modm\src\modm\platform\core\cortex\delay.hpp</source>
    <destination>modm\src\modm\platform\core\delay.hpp</destination>
    <time>4.943 ms</time>
  </operation>
  <operation>
    <module>modm:platform:cortex-m</module>
    <source>..\modm-io\modm\src\modm\platform\core\cortex\flash_reader.hpp</source>
    <destination>modm\src\modm\platform\core\flash_reader.hpp</destination>
    <time>4.987 ms</time>
  </operation>
  <operation>
    <module>modm:platform:cortex-m</module>
    <source>..\modm-io\modm\src\modm\platform\core\cortex\heap_table.c</source>
    <destination>modm\src\modm\platform\core\heap_table.c</destination>
    <time>4.986 ms</time>
  </operation>
  <operation>
    <module>modm:platform:cortex-m</module>
    <source>..\modm-io\modm\src\modm\platform\core\cortex\src\modm\platform\core\cortex\delay.cpp.in</source>
    <destination>modm\src\modm\platform\core\delay.cpp</destination>
    <time>14.809 ms</time>
  </operation>
  <operation>
    <module>modm:platform:cortex-m</module>
    <source>..\modm-io\modm\src\modm\platform\core\cortex\src\modm\platform\core\cortex\heap_newlib.c.in</source>
    <destination>modm\src\modm\platform\core\heap_newlib.c</destination>
    <time>7.834 ms</time>
  </operation>
  <operation>
    <module>modm:platform:cortex-m</module>
    <source>..\modm-io\modm\src\modm\platform\core\cortex\src\modm\platform\core\cortex\startup.c.in</source>
    <destination>modm\src\modm\platform\core\startup.c</destination>
    <time>14.960 ms</time>
  </operation>
  <operation>
    <module>modm:platform:cortex-m</module>
    <source>..\modm-io\modm\src\modm\platform\core\cortex\src\modm\platform\core\cortex\unaligned.hpp.in</source>
    <destination>modm\src\modm\platform\core\unaligned.hpp</destination>
    <time>9.973 ms</time>
  </operation>
  <operation>
    <module>modm:platform:cortex-m</module>
    <source>..\modm-io\modm\src\modm\platform\core\cortex\src\modm\platform\core\cortex\vectors.c.in</source>
    <destination>modm\src\modm\platform\core\vectors.c</destination>
    <time>12.966 ms</time>
  </operation>
  <operation>
    <module>modm:platform:gpio</module>
    <source>..\modm-io\modm\src\modm\platform\gpio\stm32\src\modm\platform\gpio\stm32\base.hpp.in</source>
    <destination>modm\src\modm\platform\gpio\base.hpp</destination>
    <time>12.008 ms</time>
  </operation>
  <operation>
    <module>modm:platform:gpio</module>
    <source>..\modm-io\modm\src\modm\platform\gpio\stm32\src\modm\platform\gpio\stm32\enable.cpp.in</source>
    <destination>modm\src\modm\platform\gpio\enable.cpp</destination>
    <time>15.965 ms</time>
  </operation>
  <operation>
    <module>modm:platform:gpio</module>
    <source>..\modm-io\modm\src\modm\platform\gpio\stm32\src\modm\platform\gpio\stm32\peripherals.hpp.in</source>
    <destination>modm\src\modm\platform\core\peripherals.hpp</destination>
    <time>7.973 ms</time>
  </operation>
  <operation>
    <module>modm:platform:gpio</module>
    <source>..\modm-io\modm\src\modm\platform\gpio\stm32\src\modm\platform\gpio\stm32\pin.hpp.in</source>
    <destination>modm\src\modm\platform\gpio\gpio_A0.hpp</destination>
    <time>27.926 ms</time>
  </operation>
  <operation>
    <module>modm:platform:gpio</module>
    <source>..\modm-io\modm\src\modm\platform\gpio\stm32\src\modm\platform\gpio\stm32\pin.hpp.in</source>
    <destination>modm\src\modm\platform\gpio\gpio_A1.hpp</destination>
    <time>4.986 ms</time>
  </operation>
  <operation>
    <module>modm:platform:gpio</module>
    <source>..\modm-io\modm\src\modm\platform\gpio\stm32\src\modm\platform\gpio\stm32\pin.hpp.in</source>
    <destination>modm\src\modm\platform\gpio\gpio_A10.hpp</destination>
    <time>3.989 ms</time>
  </operation>
  <operation>
    <module>modm:platform:gpio</module>
    <source>..\modm-io\modm\src\modm\platform\gpio\stm32\src\modm\platform\gpio\stm32\pin.hpp.in</source>
    <destination>modm\src\modm\platform\gpio\gpio_A11.hpp</destination>
    <time>4.986 ms</time>
  </operation>
  <operation>
    <module>modm:platform:gpio</module>
    <source>..\modm-io\modm\src\modm\platform\gpio\stm32\src\modm\platform\gpio\stm32\pin.hpp.in</source>
    <destination>modm\src\modm\platform\gpio\gpio_A12.hpp</destination>
    <time>4.987 ms</time>
  </operation>
  <operation>
    <module>modm:platform:gpio</module>
    <source>..\modm-io\modm\src\modm\platform\gpio\stm32\src\modm\platform\gpio\stm32\pin.hpp.in</source>
    <destination>modm\src\modm\platform\gpio\gpio_A13.hpp</destination>
    <time>4.028 ms</time>
  </operation>
  <operation>
    <module>modm:platform:gpio</module>
    <source>..\modm-io\modm\src\modm\platform\gpio\stm32\src\modm\platform\gpio\stm32\pin.hpp.in</source>
    <destination>modm\src\modm\platform\gpio\gpio_A14.hpp</destination>
    <time>3.989 ms</time>
  </operation>
  <operation>
    <module>modm:platform:gpio</module>
    <source>..\modm-io\modm\src\modm\platform\gpio\stm32\src\modm\platform\gpio\stm32\pin.hpp.in</source>
    <destination>modm\src\modm\platform\gpio\gpio_A15.hpp</destination>
    <time>4.987 ms</time>
  </operation>
  <operation>
    <module>modm:platform:gpio</module>
    <source>..\modm-io\modm\src\modm\platform\gpio\stm32\src\modm\platform\gpio\stm32\pin.hpp.in</source>
    <destination>modm\src\modm\platform\gpio\gpio_A2.hpp</destination>
    <time>4.986 ms</time>
  </operation>
  <operation>
    <module>modm:platform:gpio</module>
    <source>..\modm-io\modm\src\modm\platform\gpio\stm32\src\modm\platform\gpio\stm32\pin.hpp.in</source>
    <destination>modm\src\modm\platform\gpio\gpio_A3.hpp</destination>
    <time>3.990 ms</time>
  </operation>
  <operation>
    <module>modm:platform:gpio</module>
    <source>..\modm-io\modm\src\modm\platform\gpio\stm32\src\modm\platform\gpio\stm32\pin.hpp.in</source>
    <destination>modm\src\modm\platform\gpio\gpio_A4.hpp</destination>
    <time>4.986 ms</time>
  </operation>
  <operation>
    <module>modm:platform:gpio</module>
    <source>..\modm-io\modm\src\modm\platform\gpio\stm32\src\modm\platform\gpio\stm32\pin.hpp.in</source>
    <destination>modm\src\modm\platform\gpio\gpio_A5.hpp</destination>
    <time>3.989 ms</time>
  </operation>
  <operation>
    <module>modm:platform:gpio</module>
    <source>..\modm-io\modm\src\modm\platform\gpio\stm32\src\modm\platform\gpio\stm32\pin.hpp.in</source>
    <destination>modm\src\modm\platform\gpio\gpio_A6.hpp</destination>
    <time>3.989 ms</time>
  </operation>
  <operation>
    <module>modm:platform:gpio</module>
    <source>..\modm-io\modm\src\modm\platform\gpio\stm32\src\modm\platform\gpio\stm32\pin.hpp.in</source>
    <destination>modm\src\modm\platform\gpio\gpio_A7.hpp</destination>
    <time>4.986 ms</time>
  </operation>
  <operation>
    <module>modm:platform:gpio</module>
    <source>..\modm-io\modm\src\modm\platform\gpio\stm32\src\modm\platform\gpio\stm32\pin.hpp.in</source>
    <destination>modm\src\modm\platform\gpio\gpio_A8.hpp</destination>
    <time>4.987 ms</time>
  </operation>
  <operation>
    <module>modm:platform:gpio</module>
    <source>..\modm-io\modm\src\modm\platform\gpio\stm32\src\modm\platform\gpio\stm32\pin.hpp.in</source>
    <destination>modm\src\modm\platform\gpio\gpio_A9.hpp</destination>
    <time>3.989 ms</time>
  </operation>
  <operation>
    <module>modm:platform:gpio</module>
    <source>..\modm-io\modm\src\modm\platform\gpio\stm32\src\modm\platform\gpio\stm32\pin.hpp.in</source>
    <destination>modm\src\modm\platform\gpio\gpio_B0.hpp</destination>
    <time>4.027 ms</time>
  </operation>
  <operation>
    <module>modm:platform:gpio</module>
    <source>..\modm-io\modm\src\modm\platform\gpio\stm32\src\modm\platform\gpio\stm32\pin.hpp.in</source>
    <destination>modm\src\modm\platform\gpio\gpio_B1.hpp</destination>
    <time>4.988 ms</time>
  </operation>
  <operation>
    <module>modm:platform:gpio</module>
    <source>..\modm-io\modm\src\modm\platform\gpio\stm32\src\modm\platform\gpio\stm32\pin.hpp.in</source>
    <destination>modm\src\modm\platform\gpio\gpio_B10.hpp</destination>
    <time>4.988 ms</time>
  </operation>
  <operation>
    <module>modm:platform:gpio</module>
    <source>..\modm-io\modm\src\modm\platform\gpio\stm32\src\modm\platform\gpio\stm32\pin.hpp.in</source>
    <destination>modm\src\modm\platform\gpio\gpio_B11.hpp</destination>
    <time>4.987 ms</time>
  </operation>
  <operation>
    <module>modm:platform:gpio</module>
    <source>..\modm-io\modm\src\modm\platform\gpio\stm32\src\modm\platform\gpio\stm32\pin.hpp.in</source>
    <destination>modm\src\modm\platform\gpio\gpio_B12.hpp</destination>
    <time>4.989 ms</time>
  </operation>
  <operation>
    <module>modm:platform:gpio</module>
    <source>..\modm-io\modm\src\modm\platform\gpio\stm32\src\modm\platform\gpio\stm32\pin.hpp.in</source>
    <destination>modm\src\modm\platform\gpio\gpio_B13.hpp</destination>
    <time>4.948 ms</time>
  </operation>
  <operation>
    <module>modm:platform:gpio</module>
    <source>..\modm-io\modm\src\modm\platform\gpio\stm32\src\modm\platform\gpio\stm32\pin.hpp.in</source>
    <destination>modm\src\modm\platform\gpio\gpio_B14.hpp</destination>
    <time>5.022 ms</time>
  </operation>
  <operation>
    <module>modm:platform:gpio</module>
    <source>..\modm-io\modm\src\modm\platform\gpio\stm32\src\modm\platform\gpio\stm32\pin.hpp.in</source>
    <destination>modm\src\modm\platform\gpio\gpio_B15.hpp</destination>
    <time>4.992 ms</time>
  </operation>
  <operation>
    <module>modm:platform:gpio</module>
    <source>..\modm-io\modm\src\modm\platform\gpio\stm32\src\modm\platform\gpio\stm32\pin.hpp.in</source>
    <destination>modm\src\modm\platform\gpio\gpio_B2.hpp</destination>
    <time>4.027 ms</time>
  </operation>
  <operation>
    <module>modm:platform:gpio</module>
    <source>..\modm-io\modm\src\modm\platform\gpio\stm32\src\modm\platform\gpio\stm32\pin.hpp.in</source>
    <destination>modm\src\modm\platform\gpio\gpio_B3.hpp</destination>
    <time>4.948 ms</time>
  </operation>
  <operation>
    <module>modm:platform:gpio</module>
    <source>..\modm-io\modm\src\modm\platform\gpio\stm32\src\modm\platform\gpio\stm32\pin.hpp.in</source>
    <destination>modm\src\modm\platform\gpio\gpio_B4.hpp</destination>
    <time>4.986 ms</time>
  </operation>
  <operation>
    <module>modm:platform:gpio</module>
    <source>..\modm-io\modm\src\modm\platform\gpio\stm32\src\modm\platform\gpio\stm32\pin.hpp.in</source>
    <destination>modm\src\modm\platform\gpio\gpio_B5.hpp</destination>
    <time>4.028 ms</time>
  </operation>
  <operation>
    <module>modm:platform:gpio</module>
    <source>..\modm-io\modm\src\modm\platform\gpio\stm32\src\modm\platform\gpio\stm32\pin.hpp.in</source>
    <destination>modm\src\modm\platform\gpio\gpio_B6.hpp</destination>
    <time>5.016 ms</time>
  </operation>
  <operation>
    <module>modm:platform:gpio</module>
    <source>..\modm-io\modm\src\modm\platform\gpio\stm32\src\modm\platform\gpio\stm32\pin.hpp.in</source>
    <destination>modm\src\modm\platform\gpio\gpio_B7.hpp</destination>
    <time>4.989 ms</time>
  </operation>
  <operation>
    <module>modm:platform:gpio</module>
    <source>..\modm-io\modm\src\modm\platform\gpio\stm32\src\modm\platform\gpio\stm32\pin.hpp.in</source>
    <destination>modm\src\modm\platform\gpio\gpio_B8.hpp</destination>
    <time>4.949 ms</time>
  </operation>
  <operation>
    <module>modm:platform:gpio</module>
    <source>..\modm-io\modm\src\modm\platform\gpio\stm32\src\modm\platform\gpio\stm32\pin.hpp.in</source>
    <destination>modm\src\modm\platform\gpio\gpio_B9.hpp</destination>
    <time>5.022 ms</time>
  </operation>
  <operation>
    <module>modm:platform:gpio</module>
    <source>..\modm-io\modm\src\modm\platform\gpio\stm32\src\modm\platform\gpio\stm32\pin.hpp.in</source>
    <destination>modm\src\modm\platform\gpio\gpio_C0.hpp</destination>
    <time>4.945 ms</time>
  </operation>
  <operation>
    <module>modm:platform:gpio</module>
    <source>..\modm-io\modm\src\modm\platform\gpio\stm32\src\modm\platform\gpio\stm32\pin.hpp.in</source>
    <destination>modm\src\modm\platform\gpio\gpio_C1.hpp</destination>
    <time>5.028 ms</time>
  </operation>
  <operation>
    <module>modm:platform:gpio</module>
    <source>..\modm-io\modm\src\modm\platform\gpio\stm32\src\modm\platform\gpio\stm32\pin.hpp.in</source>
    <destination>modm\src\modm\platform\gpio\gpio_C10.hpp</destination>
    <time>3.996 ms</time>
  </operation>
  <operation>
    <module>modm:platform:gpio</module>
    <source>..\modm-io\modm\src\modm\platform\gpio\stm32\src\modm\platform\gpio\stm32\pin.hpp.in</source>
    <destination>modm\src\modm\platform\gpio\gpio_C11.hpp</destination>
    <time>4.978 ms</time>
  </operation>
  <operation>
    <module>modm:platform:gpio</module>
    <source>..\modm-io\modm\src\modm\platform\gpio\stm32\src\modm\platform\gpio\stm32\pin.hpp.in</source>
    <destination>modm\src\modm\platform\gpio\gpio_C12.hpp</destination>
    <time>4.027 ms</time>
  </operation>
  <operation>
    <module>modm:platform:gpio</module>
    <source>..\modm-io\modm\src\modm\platform\gpio\stm32\src\modm\platform\gpio\stm32\pin.hpp.in</source>
    <destination>modm\src\modm\platform\gpio\gpio_C13.hpp</destination>
    <time>4.956 ms</time>
  </operation>
  <operation>
    <module>modm:platform:gpio</module>
    <source>..\modm-io\modm\src\modm\platform\gpio\stm32\src\modm\platform\gpio\stm32\pin.hpp.in</source>
    <destination>modm\src\modm\platform\gpio\gpio_C14.hpp</destination>
    <time>4.022 ms</time>
  </operation>
  <operation>
    <module>modm:platform:gpio</module>
    <source>..\modm-io\modm\src\modm\platform\gpio\stm32\src\modm\platform\gpio\stm32\pin.hpp.in</source>
    <destination>modm\src\modm\platform\gpio\gpio_C15.hpp</destination>
    <time>4.945 ms</time>
  </operation>
  <operation>
    <module>modm:platform:gpio</module>
    <source>..\modm-io\modm\src\modm\platform\gpio\stm32\src\modm\platform\gpio\stm32\pin.hpp.in</source>
    <destination>modm\src\modm\platform\gpio\gpio_C2.hpp</destination>
    <time>3.990 ms</time>
  </operation>
  <operation>
    <module>modm:platform:gpio</module>
    <source>..\modm-io\modm\src\modm\platform\gpio\stm32\src\modm\platform\gpio\stm32\pin.hpp.in</source>
    <destination>modm\src\modm\platform\gpio\gpio_C3.hpp</destination>
    <time>4.031 ms</time>
  </operation>
  <operation>
    <module>modm:platform:gpio</module>
    <source>..\modm-io\modm\src\modm\platform\gpio\stm32\src\modm\platform\gpio\stm32\pin.hpp.in</source>
    <destination>modm\src\modm\platform\gpio\gpio_C4.hpp</destination>
    <time>4.945 ms</time>
  </operation>
  <operation>
    <module>modm:platform:gpio</module>
    <source>..\modm-io\modm\src\modm\platform\gpio\stm32\src\modm\platform\gpio\stm32\pin.hpp.in</source>
    <destination>modm\src\modm\platform\gpio\gpio_C5.hpp</destination>
    <time>4.027 ms</time>
  </operation>
  <operation>
    <module>modm:platform:gpio</module>
    <source>..\modm-io\modm\src\modm\platform\gpio\stm32\src\modm\platform\gpio\stm32\pin.hpp.in</source>
    <destination>modm\src\modm\platform\gpio\gpio_C6.hpp</destination>
    <time>4.948 ms</time>
  </operation>
  <operation>
    <module>modm:platform:gpio</module>
    <source>..\modm-io\modm\src\modm\platform\gpio\stm32\src\modm\platform\gpio\stm32\pin.hpp.in</source>
    <destination>modm\src\modm\platform\gpio\gpio_C7.hpp</destination>
    <time>4.028 ms</time>
  </operation>
  <operation>
    <module>modm:platform:gpio</module>
    <source>..\modm-io\modm\src\modm\platform\gpio\stm32\src\modm\platform\gpio\stm32\pin.hpp.in</source>
    <destination>modm\src\modm\platform\gpio\gpio_C8.hpp</destination>
    <time>3.991 ms</time>
  </operation>
  <operation>
    <module>modm:platform:gpio</module>
    <source>..\modm-io\modm\src\modm\platform\gpio\stm32\src\modm\platform\gpio\stm32\pin.hpp.in</source>
    <destination>modm\src\modm\platform\gpio\gpio_C9.hpp</destination>
    <time>5.025 ms</time>
  </operation>
  <operation>
    <module>modm:platform:gpio</module>
    <source>..\modm-io\modm\src\modm\platform\gpio\stm32\src\modm\platform\gpio\stm32\pin.hpp.in</source>
    <destination>modm\src\modm\platform\gpio\gpio_D2.hpp</destination>
    <time>4.046 ms</time>
  </operation>
  <operation>
    <module>modm:platform:gpio</module>
    <source>..\modm-io\modm\src\modm\platform\gpio\stm32\src\modm\platform\gpio\stm32\pin.hpp.in</source>
    <destination>modm\src\modm\platform\gpio\gpio_H0.hpp</destination>
    <time>4.769 ms</time>
  </operation>
  <operation>
    <module>modm:platform:gpio</module>
    <source>..\modm-io\modm\src\modm\platform\gpio\stm32\src\modm\platform\gpio\stm32\pin.hpp.in</source>
    <destination>modm\src\modm\platform\gpio\gpio_H1.hpp</destination>
    <time>4.032 ms</time>
  </operation>
  <operation>
    <module>modm:platform:gpio</module>
    <source>..\modm-io\modm\src\modm\platform\gpio\stm32\src\modm\platform\gpio\stm32\port.hpp.in</source>
    <destination>modm\src\modm\platform\gpio\port.hpp</destination>
    <time>17.955 ms</time>
  </operation>
  <operation>
    <module>modm:platform:gpio</module>
    <source>..\modm-io\modm\src\modm\platform\gpio\stm32\src\modm\platform\gpio\stm32\set.hpp.in</source>
    <destination>modm\src\modm\platform\gpio\set.hpp</destination>
    <time>24.976 ms</time>
  </operation>
  <operation>
    <module>modm:platform:gpio</module>
    <source>..\modm-io\modm\src\modm\platform\gpio\stm32\src\modm\platform\gpio\stm32\software_port.hpp.in</source>
    <destination>modm\src\modm\platform\gpio\software_port.hpp</destination>
    <time>14.220 ms</time>
  </operation>
  <operation>
    <module>modm:platform:gpio</module>
    <source>..\modm-io\modm\src\modm\platform\gpio\stm32\src\modm\platform\gpio\stm32\unused.hpp.in</source>
    <destination>modm\src\modm\platform\gpio\unused.hpp</destination>
    <time>8.934 ms</time>
  </operation>
  <operation>
    <module>modm:platform:gpio.common</module>
    <source>..\modm-io\modm\src\modm\platform\gpio\common\connector.hpp</source>
    <destination>modm\src\modm\platform\gpio\connector.hpp</destination>
    <time>5.983 ms</time>
  </operation>
  <operation>
    <module>modm:platform:gpio.common</module>
    <source>..\modm-io\modm\src\modm\platform\gpio\common\inverted.hpp</source>
    <destination>modm\src\modm\platform\gpio\inverted.hpp</destination>
    <time>5.982 ms</time>
  </operation>
  <operation>
    <module>modm:platform:gpio.common</module>
    <source>..\modm-io\modm\src\modm\platform\gpio\common\src\modm\platform\gpio\common\connector_detail.hpp.in</source>
    <destination>modm\src\modm\platform\gpio\connector_detail.hpp</destination>
    <time>10.972 ms</time>
  </operation>
  <operation>
    <module>modm:platform:rcc</module>
    <source>..\modm-io\modm\src\modm\platform\clock\stm32\src\modm\platform\clock\stm32\rcc.cpp.in</source>
    <destination>modm\src\modm\platform\clock\rcc.cpp</destination>
    <time>18.147 ms</time>
  </operation>
  <operation>
    <module>modm:platform:rcc</module>
    <source>..\modm-io\modm\src\modm\platform\clock\stm32\src\modm\platform\clock\stm32\rcc.hpp.in</source>
    <destination>modm\src\modm\platform\clock\rcc.hpp</destination>
    <time>22.946 ms</time>
  </operation>
  <operation>
    <module>modm:platform:rcc</module>
    <source>..\modm-io\modm\src\modm\platform\clock\stm32\src\modm\platform\clock\stm32\rcc_impl.hpp.in</source>
    <destination>modm\src\modm\platform\clock\rcc_impl.hpp</destination>
    <time>17.954 ms</time>
  </operation>
  <operation>
    <module>modm:platform:systick</module>
    <source>..\modm-io\modm\src\modm\platform\clock\systick\src\modm\platform\clock\systick\systick_timer.cpp.in</source>
    <destination>modm\src\modm\platform\clock\systick_timer.cpp</destination>
    <time>9.965 ms</time>
  </operation>
  <operation>
    <module>modm:platform:systick</module>
    <source>..\modm-io\modm\src\modm\platform\clock\systick\src\modm\platform\clock\systick\systick_timer.hpp.in</source>
    <destination>modm\src\modm\platform\clock\systick_timer.hpp</destination>
    <time>9.982 ms</time>
  </operation>
  <operation>
    <module>modm:platform:uart</module>
    <source>..\modm-io\modm\src\modm\platform\uart\stm32\src\modm\platform\uart\stm32\uart_base.hpp.in</source>
    <destination>modm\src\modm\platform\uart\uart_base.hpp</destination>
    <time>12.006 ms</time>
  </operation>
  <operation>
    <module>modm:platform:uart</module>
    <source>..\modm-io\modm\src\modm\platform\uart\stm32\src\modm\platform\uart\stm32\uart_baudrate.hpp.in</source>
    <destination>modm\src\modm\platform\uart\uart_baudrate.hpp</destination>
    <time>10.933 ms</time>
  </operation>
  <operation>
    <module>modm:platform:uart:2</module>
    <source>..\modm-io\modm\src\modm\platform\uart\stm32\src\modm\platform\uart\stm32\uart.cpp.in</source>
    <destination>modm\src\modm\platform\uart\uart_2.cpp</destination>
    <time>20.946 ms</time>
  </operation>
  <operation>
    <module>modm:platform:uart:2</module>
    <source>..\modm-io\modm\src\modm\platform\uart\stm32\src\modm\platform\uart\stm32\uart.hpp.in</source>
    <destination>modm\src\modm\platform\uart\uart_2.hpp</destination>
    <time>14.960 ms</time>
  </operation>
  <operation>
    <module>modm:platform:uart:2</module>
    <source>..\modm-io\modm\src\modm\platform\uart\stm32\src\modm\platform\uart\stm32\uart_hal.hpp.in</source>
    <destination>modm\src\modm\platform\uart\uart_hal_2.hpp</destination>
    <time>31.134 ms</time>
  </operation>
  <operation>
    <module>modm:platform:uart:2</module>
    <source>..\modm-io\modm\src\modm\platform\uart\stm32\src\modm\platform\uart\stm32\uart_hal_impl.hpp.in</source>
    <destination>modm\src\modm\platform\uart\uart_hal_2_impl.hpp</destination>
    <time>27.885 ms</time>
  </operation>
  <operation>
    <module>modm:processing</module>
    <source>..\modm-io\modm\src\modm\processing\src\modm\processing\processing.hpp.in</source>
    <destination>modm\src\modm\processing.hpp</destination>
    <time>7.007 ms</time>
  </operation>
  <operation>
    <module>modm:processing</module>
    <source>..\modm-io\modm\src\modm\processing\task.hpp</source>
    <destination>modm\src\modm\processing\task.hpp</destination>
    <time>5.984 ms</time>
  </operation>
  <operation>
    <module>modm:processing:timer</module>
    <source>..\modm-io\modm\src\modm\processing\timer.hpp</source>
    <destination>modm\src\modm\processing\timer.hpp</destination>
    <time>5.983 ms</time>
  </operation>
  <operation>
    <module>modm:processing:timer</module>
    <source>..\modm-io\modm\src\modm\processing\timer\module.md</source>
    <destination>modm\src\modm\processing\timer\module.md</destination>
    <time>9.973 ms</time>
  </operation>
  <operation>
    <module>modm:processing:timer</module>
    <source>..\modm-io\modm\src\modm\processing\timer\periodic_timer.hpp</source>
    <destination>modm\src\modm\processing\timer\periodic_timer.hpp</destination>
    <time>5.984 ms</time>
  </operation>
  <operation>
    <module>modm:processing:timer</module>
    <source>..\modm-io\modm\src\modm\processing\timer\periodic_timer_impl.hpp</source>
    <destination>modm\src\modm\processing\timer\periodic_timer_impl.hpp</destination>
    <time>4.987 ms</time>
  </operation>
  <operation>
    <module>modm:processing:timer</module>
    <source>..\modm-io\modm\src\modm\processing\timer\timeout.hpp</source>
    <destination>modm\src\modm\processing\timer\timeout.hpp</destination>
    <time>5.984 ms</time>
  </operation>
  <operation>
    <module>modm:processing:timer</module>
    <source>..\modm-io\modm\src\modm\processing\timer\timeout_impl.hpp</source>
    <destination>modm\src\modm\processing\timer\timeout_impl.hpp</destination>
    <time>5.984 ms</time>
  </operation>
  <operation>
    <module>modm:processing:timer</module>
    <source>..\modm-io\modm\src\modm\processing\timer\timestamp.hpp</source>
    <destination>modm\src\modm\processing\timer\timestamp.hpp</destination>
    <time>6.981 ms</time>
  </operation>
  <operation>
    <module>modm:unittest</module>
    <source>..\modm-io\modm\src\unittest\controller.cpp</source>
    <destination>modm\src\unittest\controller.cpp</destination>
    <time>4.987 ms</time>
  </operation>
  <operation>
    <module>modm:unittest</module>
    <source>..\modm-io\modm\src\unittest\controller.hpp</source>
    <destination>modm\src\unittest\controller.hpp</destination>
    <time>6.341 ms</time>
  </operation>
  <operation>
    <module>modm:unittest</module>
    <source>..\modm-io\modm\src\unittest\harness.cpp</source>
    <destination>modm\src\unittest\harness.cpp</destination>
    <time>4.375 ms</time>
  </operation>
  <operation>
    <module>modm:unittest</module>
    <source>..\modm-io\modm\src\unittest\harness.hpp</source>
    <destination>modm\src\unittest\harness.hpp</destination>
    <time>5.025 ms</time>
  </operation>
  <operation>
    <module>modm:unittest</module>
    <source>..\modm-io\modm\src\unittest\reporter.cpp</source>
    <destination>modm\src\unittest\reporter.cpp</destination>
    <time>4.987 ms</time>
  </operation>
  <operation>
    <module>modm:unittest</module>
    <source>..\modm-io\modm\src\unittest\reporter.hpp</source>
    <destination>modm\src\unittest\reporter.hpp</destination>
    <time>5.648 ms</time>
  </operation>
  <operation>
    <module>modm:unittest</module>
    <source>..\modm-io\modm\src\unittest\testsuite.cpp</source>
    <destination>modm\src\unittest\testsuite.cpp</destination>
    <time>4.987 ms</time>
  </operation>
  <operation>
    <module>modm:unittest</module>
    <source>..\modm-io\modm\src\unittest\testsuite.hpp</source>
    <destination>modm\src\unittest\testsuite.hpp</destination>
    <time>4.993 ms</time>
  </operation>
  <operation>
    <module>modm:unittest</module>
    <source>..\modm-io\modm\src\unittest\type\count_type.cpp</source>
    <destination>modm\src\unittest\type\count_type.cpp</destination>
    <time>5.977 ms</time>
  </operation>
  <operation>
    <module>modm:unittest</module>
    <source>..\modm-io\modm\src\unittest\type\count_type.hpp</source>
    <destination>modm\src\unittest\type\count_type.hpp</destination>
    <time>4.987 ms</time>
  </operation>
  <operation>
    <module>modm:unittest</module>
    <source>..\modm-io\modm\src\unittest\unittest.hpp</source>
    <destination>modm\src\unittest\unittest.hpp</destination>
    <time>4.986 ms</time>
  </operation>
  <operation>
    <module>modm:utils</module>
    <source>..\modm-io\modm\src\modm\utils\allocator.hpp</source>
    <destination>modm\src\modm\utils\allocator.hpp</destination>
    <time>4.980 ms</time>
  </operation>
  <operation>
    <module>modm:utils</module>
    <source>..\modm-io\modm\src\modm\utils\allocator\allocator_base.hpp</source>
    <destination>modm\src\modm\utils\allocator\allocator_base.hpp</destination>
    <time>6.943 ms</time>
  </operation>
  <operation>
    <module>modm:utils</module>
    <source>..\modm-io\modm\src\modm\utils\allocator\block.hpp</source>
    <destination>modm\src\modm\utils\allocator\block.hpp</destination>
    <time>5.025 ms</time>
  </operation>
  <operation>
    <module>modm:utils</module>
    <source>..\modm-io\modm\src\modm\utils\allocator\dynamic.hpp</source>
    <destination>modm\src\modm\utils\allocator\dynamic.hpp</destination>
    <time>4.991 ms</time>
  </operation>
  <operation>
    <module>modm:utils</module>
    <source>..\modm-io\modm\src\modm\utils\allocator\static.hpp</source>
    <destination>modm\src\modm\utils\allocator\static.hpp</destination>
    <time>4.983 ms</time>
  </operation>
  <operation>
    <module>modm:utils</module>
    <source>..\modm-io\modm\src\modm\utils\dummy.cpp</source>
    <destination>modm\src\modm\utils\dummy.cpp</destination>
    <time>4.955 ms</time>
  </operation>
  <operation>
    <module>modm:utils</module>
    <source>..\modm-io\modm\src\modm\utils\dummy.hpp</source>
    <destination>modm\src\modm\utils\dummy.hpp</destination>
    <time>5.984 ms</time>
  </operation>
  <operation>
    <module>modm:utils</module>
    <source>..\modm-io\modm\src\modm\utils\utils.hpp</source>
    <destination>modm\src\modm\utils.hpp</destination>
    <time>5.028 ms</time>
  </operation>
</buildlog>
